<?xml version="1.0" encoding="UTF-8"?>
<testsuite name="runner.TestRunner" tests="2" skipped="0" failures="0" errors="0" timestamp="2022-04-18T12:13:15" hostname="MBP-C02DRR20MD6M" time="1.429">
  <properties/>
  <testcase name="Dummy Rest Api GET Students" classname="runner.TestRunner" time="1.335"/>
  <testcase name="Verify Code" classname="runner.TestRunner" time="0.094"/>
  <system-out><![CDATA[]]></system-out>
  <system-err><![CDATA[┌───────────────────────────────────────────────────────────────────────────────────┐
│ Share your Cucumber Report with your team at https://reports.cucumber.io          │
│ Activate publishing with one of the following:                                    │
│                                                                                   │
│ src/test/resources/cucumber.properties:          cucumber.publish.enabled=true    │
│ src/test/resources/junit-platform.properties:    cucumber.publish.enabled=true    │
│ Environment variable:                            CUCUMBER_PUBLISH_ENABLED=true    │
│ JUnit:                                           @CucumberOptions(publish = true) │
│                                                                                   │
│ More information at https://cucumber.io/docs/cucumber/environment-variables/      │
│                                                                                   │
│ Disable this message with one of the following:                                   │
│                                                                                   │
│ src/test/resources/cucumber.properties:          cucumber.publish.quiet=true      │
│ src/test/resources/junit-platform.properties:    cucumber.publish.quiet=true      │
└───────────────────────────────────────────────────────────────────────────────────┘
]]></system-err>
</testsuite>
